<?xml version="1.0" encoding="UTF-8"?>
<testsuite xmlns:xsi="http://www.w3.org/2001/XMLSchema-instance" xsi:noNamespaceSchemaLocation="https://maven.apache.org/surefire/maven-surefire-plugin/xsd/surefire-test-report-3.0.xsd" version="3.0" name="g60904.qwirkle.model.GridTest" time="0.051" tests="41" errors="0" skipped="0" failures="0">
  <properties>
[...]
</properties>
  <testcase name="firstAddTest_MoreTilesOK" classname="g60904.qwirkle.model.GridTest" time="0.017"/>
  <testcase name="rules_Sonia_e_adapted_to_fail" classname="g60904.qwirkle.model.GridTest" time="0.004"/>
  <testcase name="rules_sonia_a_adapted_to_fail" classname="g60904.qwirkle.model.GridTest" time="0.003"/>
  <testcase name="rules_Vincent_l_adapted_to_fail" classname="g60904.qwirkle.model.GridTest" time="0.001"/>
  <testcase name="addTest_NoNeighboursTile" classname="g60904.qwirkle.model.GridTest" time="0.001"/>
  <testcase name="addTest_RightATile_SameColor" classname="g60904.qwirkle.model.GridTest" time="0.001"/>
  <testcase name="addTest_RightATile_SameShape" classname="g60904.qwirkle.model.GridTest" time="0"/>
  <testcase name="rules_Cedric_b_adapted_to_fail" classname="g60904.qwirkle.model.GridTest" time="0.001"/>
  <testcase name="rules_Sonia_i_adapted_to_fail" classname="g60904.qwirkle.model.GridTest" time="0"/>
  <testcase name="firstAddTest_DifferentColorException" classname="g60904.qwirkle.model.GridTest" time="0"/>
  <testcase name="rules_Elvire_c_adapted_to_fail" classname="g60904.qwirkle.model.GridTest" time="0"/>
  <testcase name="rules_Sonia_a" classname="g60904.qwirkle.model.GridTest" time="0"/>
  <testcase name="rules_Sonia_e" classname="g60904.qwirkle.model.GridTest" time="0.001"/>
  <testcase name="rules_Sonia_i" classname="g60904.qwirkle.model.GridTest" time="0"/>
  <testcase name="rules_Cedric_f_adapted_to_fail" classname="g60904.qwirkle.model.GridTest" time="0.001"/>
  <testcase name="addTest_TileBetweenTwoTiles_JoinTwoTiles" classname="g60904.qwirkle.model.GridTest" time="0"/>
  <testcase name="rules_Vincent_d_adapted_to_fail" classname="g60904.qwirkle.model.GridTest" time="0.001"/>
  <testcase name="rules_Cedric_b" classname="g60904.qwirkle.model.GridTest" time="0"/>
  <testcase name="rules_Cedric_f" classname="g60904.qwirkle.model.GridTest" time="0"/>
  <testcase name="rules_Cedric_j" classname="g60904.qwirkle.model.GridTest" time="0"/>
  <testcase name="rules_Elvire_g_adapted_to_fail" classname="g60904.qwirkle.model.GridTest" time="0"/>
  <testcase name="addTest_LeftATile_SameColor" classname="g60904.qwirkle.model.GridTest" time="0"/>
  <testcase name="addTest_LeftATile_SameShape" classname="g60904.qwirkle.model.GridTest" time="0.001"/>
  <testcase name="firstAddTest_SameShapeException" classname="g60904.qwirkle.model.GridTest" time="0"/>
  <testcase name="firstAddTest_DifferentColorSameShapeException" classname="g60904.qwirkle.model.GridTest" time="0.001"/>
  <testcase name="firstAddTest_oneTileOK" classname="g60904.qwirkle.model.GridTest" time="0"/>
  <testcase name="addTest_NotSameColorAndShape" classname="g60904.qwirkle.model.GridTest" time="0.002"/>
  <testcase name="addTest_TileBetweenTwoTiles_" classname="g60904.qwirkle.model.GridTest" time="0.001"/>
  <testcase name="rules_Vincent_d" classname="g60904.qwirkle.model.GridTest" time="0"/>
  <testcase name="rules_Vincent_h" classname="g60904.qwirkle.model.GridTest" time="0.001"/>
  <testcase name="rules_Vincent_l" classname="g60904.qwirkle.model.GridTest" time="0"/>
  <testcase name="rules_Cedric_j_adapted_to_fail" classname="g60904.qwirkle.model.GridTest" time="0"/>
  <testcase name="addTest_UpATile_SameColor" classname="g60904.qwirkle.model.GridTest" time="0"/>
  <testcase name="addTest_UpATile_SameShape" classname="g60904.qwirkle.model.GridTest" time="0"/>
  <testcase name="rules_Vincent_h_adapted_to_fail" classname="g60904.qwirkle.model.GridTest" time="0.001"/>
  <testcase name="rules_Elvire_k_adapted_to_fail" classname="g60904.qwirkle.model.GridTest" time="0"/>
  <testcase name="addTest_DownATile_SameColor" classname="g60904.qwirkle.model.GridTest" time="0.001"/>
  <testcase name="addTest_DownATile_SameShape" classname="g60904.qwirkle.model.GridTest" time="0"/>
  <testcase name="rules_Elvire_c" classname="g60904.qwirkle.model.GridTest" time="0"/>
  <testcase name="rules_Elvire_g" classname="g60904.qwirkle.model.GridTest" time="0.001"/>
  <testcase name="rules_Elvire_k" classname="g60904.qwirkle.model.GridTest" time="0"/>
</testsuite>